<?xml version="1.0" encoding="UTF-8"?>
<!-- Generated by org.testng.reporters.JUnitReportReporter -->
<testsuite hostname="LIN83001530" name="com.saucedemo.testcases.GroupingInTestNG" tests="1" failures="0" timestamp="29 May 2021 04:20:17 GMT" time="0.008" errors="0">
  <testcase name="test3" time="0.008" classname="com.saucedemo.testcases.GroupingInTestNG"/>
</testsuite> <!-- com.saucedemo.testcases.GroupingInTestNG -->
