<?xml version="1.0" encoding="UTF-8"?>
<!-- Generated by org.testng.reporters.JUnitReportReporter -->
<testsuite hostname="LIN83001530" name="Amazon" tests="1" failures="0" timestamp="7 Jul 2021 03:20:43 GMT" time="12.974" errors="0">
  <testcase name="method1" time="12.974" classname="Amazon"/>
</testsuite> <!-- Amazon -->
