<?xml version="1.0" encoding="UTF-8"?>
<!-- Generated by org.testng.reporters.JUnitReportReporter -->
<testsuite hostname="LIN83001530" name="com.saucedemo.testcases.LoginPageTest" tests="1" failures="0" timestamp="8 May 2021 04:02:07 GMT" time="0.447" errors="0">
  <testcase name="loginTest" time="0.447" classname="com.saucedemo.testcases.LoginPageTest"/>
</testsuite> <!-- com.saucedemo.testcases.LoginPageTest -->
