<?xml version="1.0" encoding="UTF-8"?>
<!-- Generated by org.testng.reporters.JUnitReportReporter -->
<testsuite hostname="LIN83001530" name="com.saucedemo.testcases.HomePageTest" tests="4" failures="0" timestamp="4 Apr 2021 13:29:37 GMT" time="31.951" errors="0">
  <testcase name="checkOrders" time="10.281" classname="com.saucedemo.testcases.HomePageTest"/>
  <testcase name="selctDrpDownButton" time="4.193" classname="com.saucedemo.testcases.HomePageTest"/>
  <testcase name="screenShot" time="6.756" classname="com.saucedemo.testcases.HomePageTest"/>
  <testcase name="productSelect" time="10.721" classname="com.saucedemo.testcases.HomePageTest"/>
</testsuite> <!-- com.saucedemo.testcases.HomePageTest -->
