<?xml version="1.0" encoding="UTF-8"?>
<!-- Generated by org.testng.reporters.JUnitReportReporter -->
<testsuite hostname="LIN83001530" name="com.qa.nopCommerce.NopCommerce" tests="1" failures="0" timestamp="19 Jun 2021 16:02:22 GMT" time="14.632" errors="0">
  <testcase name="productTest" time="14.632" classname="com.qa.nopCommerce.NopCommerce"/>
</testsuite> <!-- com.qa.nopCommerce.NopCommerce -->
