<?xml version="1.0" encoding="UTF-8"?>
<!-- Generated by org.testng.reporters.JUnitReportReporter -->
<testsuite hostname="LIN83001530" name="com.qa.myntra.TestNgClass" tests="1" failures="0" timestamp="6 Jun 2021 16:34:06 GMT" time="17.256" errors="0">
  <testcase name="productPrice" time="17.256" classname="com.qa.myntra.TestNgClass"/>
</testsuite> <!-- com.qa.myntra.TestNgClass -->
