<?xml version="1.0" encoding="UTF-8"?>
<!-- Generated by org.testng.reporters.JUnitReportReporter -->
<testsuite hostname="LIN83001530" name="com.qa.iterations.ForLoop1" tests="1" failures="0" timestamp="8 May 2021 04:10:19 GMT" time="0.014" errors="0">
  <testcase name="forLoop1" time="0.014" classname="com.qa.iterations.ForLoop1"/>
</testsuite> <!-- com.qa.iterations.ForLoop1 -->
